<?xml version="1.0" encoding="UTF-8"?>
<testsuite name="com.kiwon.project.web.dto.HelloResponseDtoTest" tests="1" skipped="0" failures="0" errors="0" timestamp="2021-02-21T11:38:55" hostname="DESKTOP-3GJOEAF" time="0.011">
  <properties/>
  <testcase name="test" classname="com.kiwon.project.web.dto.HelloResponseDtoTest" time="0.011"/>
  <system-out><![CDATA[]]></system-out>
  <system-err><![CDATA[]]></system-err>
</testsuite>
