<?xml version="1.0" encoding="UTF-8"?>
<testsuite name="com.kiwon.project.web.HelloControllerTest" tests="2" skipped="0" failures="0" errors="0" timestamp="2021-02-21T11:38:56" hostname="DESKTOP-3GJOEAF" time="0.252">
  <properties/>
  <testcase name="hello가_리턴된다" classname="com.kiwon.project.web.HelloControllerTest" time="0.102"/>
  <testcase name="helloDto가_리턴된다" classname="com.kiwon.project.web.HelloControllerTest" time="0.149"/>
  <system-out><![CDATA[2021-02-21 20:38:55.355  INFO 17600 --- [    Test worker] .b.t.a.w.s.WebMvcTestContextBootstrapper : Neither @ContextConfiguration nor @ContextHierarchy found for test class [com.kiwon.project.web.HelloControllerTest], using SpringBootContextLoader
2021-02-21 20:38:55.357  INFO 17600 --- [    Test worker] o.s.t.c.support.AbstractContextLoader    : Could not detect default resource locations for test class [com.kiwon.project.web.HelloControllerTest]: no resource found for suffixes {-context.xml, Context.groovy}.
2021-02-21 20:38:55.357  INFO 17600 --- [    Test worker] t.c.s.AnnotationConfigContextLoaderUtils : Could not detect default configuration classes for test class [com.kiwon.project.web.HelloControllerTest]: HelloControllerTest does not declare any static, non-private, non-final, nested classes annotated with @Configuration.
2021-02-21 20:38:55.387  INFO 17600 --- [    Test worker] .b.t.c.SpringBootTestContextBootstrapper : Found @SpringBootConfiguration com.kiwon.project.Application for test class com.kiwon.project.web.HelloControllerTest
2021-02-21 20:38:55.388  INFO 17600 --- [    Test worker] .b.t.a.w.s.WebMvcTestContextBootstrapper : Loaded default TestExecutionListener class names from location [META-INF/spring.factories]: [org.springframework.security.test.context.support.WithSecurityContextTestExecutionListener, org.springframework.security.test.context.support.ReactorContextTestExecutionListener, org.springframework.boot.test.autoconfigure.restdocs.RestDocsTestExecutionListener, org.springframework.boot.test.autoconfigure.web.client.MockRestServiceServerResetTestExecutionListener, org.springframework.boot.test.autoconfigure.web.servlet.MockMvcPrintOnlyOnFailureTestExecutionListener, org.springframework.boot.test.autoconfigure.web.servlet.WebDriverTestExecutionListener, org.springframework.boot.test.mock.mockito.MockitoTestExecutionListener, org.springframework.boot.test.mock.mockito.ResetMocksTestExecutionListener, org.springframework.test.context.web.ServletTestExecutionListener, org.springframework.test.context.support.DirtiesContextBeforeModesTestExecutionListener, org.springframework.test.context.support.DependencyInjectionTestExecutionListener, org.springframework.test.context.support.DirtiesContextTestExecutionListener, org.springframework.test.context.transaction.TransactionalTestExecutionListener, org.springframework.test.context.jdbc.SqlScriptsTestExecutionListener]
2021-02-21 20:38:55.389  INFO 17600 --- [    Test worker] .b.t.a.w.s.WebMvcTestContextBootstrapper : Using TestExecutionListeners: [org.springframework.test.context.web.ServletTestExecutionListener@64e99c10, org.springframework.test.context.support.DirtiesContextBeforeModesTestExecutionListener@57c59c62, org.springframework.boot.test.mock.mockito.MockitoTestExecutionListener@16a061c4, org.springframework.boot.test.autoconfigure.SpringBootDependencyInjectionTestExecutionListener@5e02a215, org.springframework.test.context.support.DirtiesContextTestExecutionListener@76a3acd9, org.springframework.test.context.transaction.TransactionalTestExecutionListener@d7e08e3, org.springframework.test.context.jdbc.SqlScriptsTestExecutionListener@1845f6c9, org.springframework.security.test.context.support.WithSecurityContextTestExecutionListener@539cedde, org.springframework.security.test.context.support.ReactorContextTestExecutionListener@38325610, org.springframework.boot.test.autoconfigure.restdocs.RestDocsTestExecutionListener@457668e5, org.springframework.boot.test.autoconfigure.web.client.MockRestServiceServerResetTestExecutionListener@72b23d3c, org.springframework.boot.test.autoconfigure.web.servlet.MockMvcPrintOnlyOnFailureTestExecutionListener@4674cca9, org.springframework.boot.test.autoconfigure.web.servlet.WebDriverTestExecutionListener@6cdc80a1, org.springframework.boot.test.mock.mockito.ResetMocksTestExecutionListener@1a9bec9f]

  .   ____          _            __ _ _
 /\\ / ___'_ __ _ _(_)_ __  __ _ \ \ \ \
( ( )\___ | '_ | '_| | '_ \/ _` | \ \ \ \
 \\/  ___)| |_)| | | | | || (_| |  ) ) ) )
  '  |____| .__|_| |_|_| |_\__, | / / / /
 =========|_|==============|___/=/_/_/_/
 :: Spring Boot ::        (v2.1.7.RELEASE)

2021-02-21 20:38:55.444  INFO 17600 --- [    Test worker] c.kiwon.project.web.HelloControllerTest  : Starting HelloControllerTest on DESKTOP-3GJOEAF with PID 17600 (started by kkiwo in C:\DEV2)
2021-02-21 20:38:55.446  INFO 17600 --- [    Test worker] c.kiwon.project.web.HelloControllerTest  : No active profile set, falling back to default profiles: default
2021-02-21 20:38:56.103  INFO 17600 --- [    Test worker] o.s.s.concurrent.ThreadPoolTaskExecutor  : Initializing ExecutorService 'applicationTaskExecutor'
2021-02-21 20:38:56.150  INFO 17600 --- [    Test worker] o.s.b.a.w.s.WelcomePageHandlerMapping    : Adding welcome page template: index
2021-02-21 20:38:56.424  INFO 17600 --- [    Test worker] .s.s.UserDetailsServiceAutoConfiguration : 

Using generated security password: bde39904-18dd-4797-9c2f-4c4deb57b5da

2021-02-21 20:38:56.622  INFO 17600 --- [    Test worker] o.s.s.web.DefaultSecurityFilterChain     : Creating filter chain: any request, [org.springframework.security.web.context.request.async.WebAsyncManagerIntegrationFilter@17efe17c, org.springframework.security.web.context.SecurityContextPersistenceFilter@377ef022, org.springframework.security.web.header.HeaderWriterFilter@3202d129, org.springframework.security.web.csrf.CsrfFilter@257e28c5, org.springframework.security.web.authentication.logout.LogoutFilter@8f2abf, org.springframework.security.web.authentication.UsernamePasswordAuthenticationFilter@1c06c241, org.springframework.security.web.authentication.ui.DefaultLoginPageGeneratingFilter@1c7ff5ed, org.springframework.security.web.authentication.ui.DefaultLogoutPageGeneratingFilter@5e778bec, org.springframework.security.web.authentication.www.BasicAuthenticationFilter@3b25d5ec, org.springframework.security.web.savedrequest.RequestCacheAwareFilter@29527feb, org.springframework.security.web.servletapi.SecurityContextHolderAwareRequestFilter@d7d7871, org.springframework.security.web.authentication.AnonymousAuthenticationFilter@4be8bf7b, org.springframework.security.web.session.SessionManagementFilter@66eeffac, org.springframework.security.web.access.ExceptionTranslationFilter@482ad31d, org.springframework.security.web.access.intercept.FilterSecurityInterceptor@1c84d498]
2021-02-21 20:38:56.669  INFO 17600 --- [    Test worker] o.s.b.t.m.w.SpringBootMockServletContext : Initializing Spring TestDispatcherServlet ''
2021-02-21 20:38:56.669  INFO 17600 --- [    Test worker] o.s.t.web.servlet.TestDispatcherServlet  : Initializing Servlet ''
2021-02-21 20:38:56.689  INFO 17600 --- [    Test worker] o.s.t.web.servlet.TestDispatcherServlet  : Completed initialization in 20 ms
2021-02-21 20:38:56.751  INFO 17600 --- [    Test worker] c.kiwon.project.web.HelloControllerTest  : Started HelloControllerTest in 1.358 seconds (JVM running for 11.512)
]]></system-out>
  <system-err><![CDATA[]]></system-err>
</testsuite>
