<?xml version="1.0" encoding="UTF-8"?>
<testsuite name="com.kiwon.project.web.IndexControllerTest" tests="1" skipped="0" failures="0" errors="0" timestamp="2021-02-21T11:30:36" hostname="DESKTOP-3GJOEAF" time="0.488">
  <properties/>
  <testcase name="메인페이지_로딩" classname="com.kiwon.project.web.IndexControllerTest" time="0.488"/>
  <system-out><![CDATA[20:30:27.107 [Test worker] DEBUG org.springframework.test.context.junit4.SpringJUnit4ClassRunner - SpringJUnit4ClassRunner constructor called with [class com.kiwon.project.web.IndexControllerTest]
20:30:27.117 [Test worker] DEBUG org.springframework.test.context.BootstrapUtils - Instantiating CacheAwareContextLoaderDelegate from class [org.springframework.test.context.cache.DefaultCacheAwareContextLoaderDelegate]
20:30:27.128 [Test worker] DEBUG org.springframework.test.context.BootstrapUtils - Instantiating BootstrapContext using constructor [public org.springframework.test.context.support.DefaultBootstrapContext(java.lang.Class,org.springframework.test.context.CacheAwareContextLoaderDelegate)]
20:30:27.153 [Test worker] DEBUG org.springframework.test.context.BootstrapUtils - Instantiating TestContextBootstrapper for test class [com.kiwon.project.web.IndexControllerTest] from class [org.springframework.boot.test.context.SpringBootTestContextBootstrapper]
20:30:27.172 [Test worker] INFO org.springframework.boot.test.context.SpringBootTestContextBootstrapper - Neither @ContextConfiguration nor @ContextHierarchy found for test class [com.kiwon.project.web.IndexControllerTest], using SpringBootContextLoader
20:30:27.177 [Test worker] DEBUG org.springframework.test.context.support.AbstractContextLoader - Did not detect default resource location for test class [com.kiwon.project.web.IndexControllerTest]: class path resource [com/kiwon/project/web/IndexControllerTest-context.xml] does not exist
20:30:27.178 [Test worker] DEBUG org.springframework.test.context.support.AbstractContextLoader - Did not detect default resource location for test class [com.kiwon.project.web.IndexControllerTest]: class path resource [com/kiwon/project/web/IndexControllerTestContext.groovy] does not exist
20:30:27.178 [Test worker] INFO org.springframework.test.context.support.AbstractContextLoader - Could not detect default resource locations for test class [com.kiwon.project.web.IndexControllerTest]: no resource found for suffixes {-context.xml, Context.groovy}.
20:30:27.179 [Test worker] INFO org.springframework.test.context.support.AnnotationConfigContextLoaderUtils - Could not detect default configuration classes for test class [com.kiwon.project.web.IndexControllerTest]: IndexControllerTest does not declare any static, non-private, non-final, nested classes annotated with @Configuration.
20:30:27.232 [Test worker] DEBUG org.springframework.test.context.support.ActiveProfilesUtils - Could not find an 'annotation declaring class' for annotation type [org.springframework.test.context.ActiveProfiles] and class [com.kiwon.project.web.IndexControllerTest]
20:30:27.363 [Test worker] DEBUG org.springframework.context.annotation.ClassPathScanningCandidateComponentProvider - Identified candidate component class: file [C:\DEV2\build\classes\java\main\com\kiwon\project\Application.class]
20:30:27.365 [Test worker] INFO org.springframework.boot.test.context.SpringBootTestContextBootstrapper - Found @SpringBootConfiguration com.kiwon.project.Application for test class com.kiwon.project.web.IndexControllerTest
20:30:27.499 [Test worker] DEBUG org.springframework.boot.test.context.SpringBootTestContextBootstrapper - @TestExecutionListeners is not present for class [com.kiwon.project.web.IndexControllerTest]: using defaults.
20:30:27.500 [Test worker] INFO org.springframework.boot.test.context.SpringBootTestContextBootstrapper - Loaded default TestExecutionListener class names from location [META-INF/spring.factories]: [org.springframework.security.test.context.support.WithSecurityContextTestExecutionListener, org.springframework.security.test.context.support.ReactorContextTestExecutionListener, org.springframework.boot.test.autoconfigure.restdocs.RestDocsTestExecutionListener, org.springframework.boot.test.autoconfigure.web.client.MockRestServiceServerResetTestExecutionListener, org.springframework.boot.test.autoconfigure.web.servlet.MockMvcPrintOnlyOnFailureTestExecutionListener, org.springframework.boot.test.autoconfigure.web.servlet.WebDriverTestExecutionListener, org.springframework.boot.test.mock.mockito.MockitoTestExecutionListener, org.springframework.boot.test.mock.mockito.ResetMocksTestExecutionListener, org.springframework.test.context.web.ServletTestExecutionListener, org.springframework.test.context.support.DirtiesContextBeforeModesTestExecutionListener, org.springframework.test.context.support.DependencyInjectionTestExecutionListener, org.springframework.test.context.support.DirtiesContextTestExecutionListener, org.springframework.test.context.transaction.TransactionalTestExecutionListener, org.springframework.test.context.jdbc.SqlScriptsTestExecutionListener]
20:30:27.532 [Test worker] INFO org.springframework.boot.test.context.SpringBootTestContextBootstrapper - Using TestExecutionListeners: [org.springframework.test.context.web.ServletTestExecutionListener@337730df, org.springframework.test.context.support.DirtiesContextBeforeModesTestExecutionListener@5ddfc613, org.springframework.boot.test.mock.mockito.MockitoTestExecutionListener@7aeb9b76, org.springframework.boot.test.autoconfigure.SpringBootDependencyInjectionTestExecutionListener@36e60c07, org.springframework.test.context.support.DirtiesContextTestExecutionListener@3c9d23cc, org.springframework.test.context.transaction.TransactionalTestExecutionListener@1fd19512, org.springframework.test.context.jdbc.SqlScriptsTestExecutionListener@39c79db5, org.springframework.security.test.context.support.WithSecurityContextTestExecutionListener@3fc738be, org.springframework.security.test.context.support.ReactorContextTestExecutionListener@6a91ffc9, org.springframework.boot.test.autoconfigure.restdocs.RestDocsTestExecutionListener@79fb9e8c, org.springframework.boot.test.autoconfigure.web.client.MockRestServiceServerResetTestExecutionListener@7c549e33, org.springframework.boot.test.autoconfigure.web.servlet.MockMvcPrintOnlyOnFailureTestExecutionListener@7a505bcf, org.springframework.boot.test.autoconfigure.web.servlet.WebDriverTestExecutionListener@1f5a8cfb, org.springframework.boot.test.mock.mockito.ResetMocksTestExecutionListener@3a707e62]
20:30:27.535 [Test worker] DEBUG org.springframework.test.annotation.ProfileValueUtils - Retrieved @ProfileValueSourceConfiguration [null] for test class [com.kiwon.project.web.IndexControllerTest]
20:30:27.536 [Test worker] DEBUG org.springframework.test.annotation.ProfileValueUtils - Retrieved ProfileValueSource type [class org.springframework.test.annotation.SystemProfileValueSource] for class [com.kiwon.project.web.IndexControllerTest]
20:30:27.537 [Test worker] DEBUG org.springframework.test.annotation.ProfileValueUtils - Retrieved @ProfileValueSourceConfiguration [null] for test class [com.kiwon.project.web.IndexControllerTest]
20:30:27.537 [Test worker] DEBUG org.springframework.test.annotation.ProfileValueUtils - Retrieved ProfileValueSource type [class org.springframework.test.annotation.SystemProfileValueSource] for class [com.kiwon.project.web.IndexControllerTest]
20:30:27.543 [Test worker] DEBUG org.springframework.test.context.support.AbstractDirtiesContextTestExecutionListener - Before test class: context [DefaultTestContext@4f4183fb testClass = IndexControllerTest, testInstance = [null], testMethod = [null], testException = [null], mergedContextConfiguration = [WebMergedContextConfiguration@9d81b39 testClass = IndexControllerTest, locations = '{}', classes = '{class com.kiwon.project.Application}', contextInitializerClasses = '[]', activeProfiles = '{}', propertySourceLocations = '{}', propertySourceProperties = '{org.springframework.boot.test.context.SpringBootTestContextBootstrapper=true, server.port=0}', contextCustomizers = set[org.springframework.boot.test.autoconfigure.properties.PropertyMappingContextCustomizer@0, org.springframework.boot.test.autoconfigure.web.servlet.WebDriverContextCustomizerFactory$Customizer@32617039, org.springframework.boot.test.context.filter.ExcludeFilterContextCustomizer@49e0db4d, org.springframework.boot.test.json.DuplicateJsonObjectContextCustomizerFactory$DuplicateJsonObjectContextCustomizer@3f4f69af, org.springframework.boot.test.mock.mockito.MockitoContextCustomizer@0, org.springframework.boot.test.web.client.TestRestTemplateContextCustomizer@3563d261], resourceBasePath = 'src/main/webapp', contextLoader = 'org.springframework.boot.test.context.SpringBootContextLoader', parent = [null]], attributes = map['org.springframework.test.context.web.ServletTestExecutionListener.activateListener' -> false]], class annotated with @DirtiesContext [false] with mode [null].
20:30:27.543 [Test worker] DEBUG org.springframework.test.annotation.ProfileValueUtils - Retrieved @ProfileValueSourceConfiguration [null] for test class [com.kiwon.project.web.IndexControllerTest]
20:30:27.544 [Test worker] DEBUG org.springframework.test.annotation.ProfileValueUtils - Retrieved ProfileValueSource type [class org.springframework.test.annotation.SystemProfileValueSource] for class [com.kiwon.project.web.IndexControllerTest]
20:30:27.549 [Test worker] DEBUG org.springframework.test.context.support.DependencyInjectionTestExecutionListener - Performing dependency injection for test context [[DefaultTestContext@4f4183fb testClass = IndexControllerTest, testInstance = com.kiwon.project.web.IndexControllerTest@2db32694, testMethod = [null], testException = [null], mergedContextConfiguration = [WebMergedContextConfiguration@9d81b39 testClass = IndexControllerTest, locations = '{}', classes = '{class com.kiwon.project.Application}', contextInitializerClasses = '[]', activeProfiles = '{}', propertySourceLocations = '{}', propertySourceProperties = '{org.springframework.boot.test.context.SpringBootTestContextBootstrapper=true, server.port=0}', contextCustomizers = set[org.springframework.boot.test.autoconfigure.properties.PropertyMappingContextCustomizer@0, org.springframework.boot.test.autoconfigure.web.servlet.WebDriverContextCustomizerFactory$Customizer@32617039, org.springframework.boot.test.context.filter.ExcludeFilterContextCustomizer@49e0db4d, org.springframework.boot.test.json.DuplicateJsonObjectContextCustomizerFactory$DuplicateJsonObjectContextCustomizer@3f4f69af, org.springframework.boot.test.mock.mockito.MockitoContextCustomizer@0, org.springframework.boot.test.web.client.TestRestTemplateContextCustomizer@3563d261], resourceBasePath = 'src/main/webapp', contextLoader = 'org.springframework.boot.test.context.SpringBootContextLoader', parent = [null]], attributes = map['org.springframework.test.context.web.ServletTestExecutionListener.activateListener' -> false]]].
20:30:27.582 [Test worker] DEBUG org.springframework.test.context.support.TestPropertySourceUtils - Adding inlined properties to environment: {spring.jmx.enabled=false, org.springframework.boot.test.context.SpringBootTestContextBootstrapper=true, server.port=0}

  .   ____          _            __ _ _
 /\\ / ___'_ __ _ _(_)_ __  __ _ \ \ \ \
( ( )\___ | '_ | '_| | '_ \/ _` | \ \ \ \
 \\/  ___)| |_)| | | | | || (_| |  ) ) ) )
  '  |____| .__|_| |_|_| |_\__, | / / / /
 =========|_|==============|___/=/_/_/_/
 :: Spring Boot ::        (v2.1.7.RELEASE)

2021-02-21 20:30:27.922  INFO 9808 --- [    Test worker] c.kiwon.project.web.IndexControllerTest  : Starting IndexControllerTest on DESKTOP-3GJOEAF with PID 9808 (started by kkiwo in C:\DEV2)
2021-02-21 20:30:27.924  INFO 9808 --- [    Test worker] c.kiwon.project.web.IndexControllerTest  : No active profile set, falling back to default profiles: default
2021-02-21 20:30:29.040  INFO 9808 --- [    Test worker] .s.d.r.c.RepositoryConfigurationDelegate : Bootstrapping Spring Data repositories in DEFAULT mode.
2021-02-21 20:30:29.157  INFO 9808 --- [    Test worker] .s.d.r.c.RepositoryConfigurationDelegate : Finished Spring Data repository scanning in 103ms. Found 2 repository interfaces.
2021-02-21 20:30:29.766  INFO 9808 --- [    Test worker] trationDelegate$BeanPostProcessorChecker : Bean 'org.springframework.transaction.annotation.ProxyTransactionManagementConfiguration' of type [org.springframework.transaction.annotation.ProxyTransactionManagementConfiguration$$EnhancerBySpringCGLIB$$96e8f71f] is not eligible for getting processed by all BeanPostProcessors (for example: not eligible for auto-proxying)
2021-02-21 20:30:30.357  INFO 9808 --- [    Test worker] o.s.b.w.embedded.tomcat.TomcatWebServer  : Tomcat initialized with port(s): 0 (http)
2021-02-21 20:30:30.405  INFO 9808 --- [    Test worker] o.apache.catalina.core.StandardService   : Starting service [Tomcat]
2021-02-21 20:30:30.406  INFO 9808 --- [    Test worker] org.apache.catalina.core.StandardEngine  : Starting Servlet engine: [Apache Tomcat/9.0.22]
2021-02-21 20:30:30.600  INFO 9808 --- [    Test worker] o.a.c.c.C.[Tomcat].[localhost].[/]       : Initializing Spring embedded WebApplicationContext
2021-02-21 20:30:30.601  INFO 9808 --- [    Test worker] o.s.web.context.ContextLoader            : Root WebApplicationContext: initialization completed in 2646 ms
2021-02-21 20:30:30.980  INFO 9808 --- [    Test worker] com.zaxxer.hikari.HikariDataSource       : HikariPool-1 - Starting...
2021-02-21 20:30:31.235  INFO 9808 --- [    Test worker] com.zaxxer.hikari.HikariDataSource       : HikariPool-1 - Start completed.
2021-02-21 20:30:31.388  INFO 9808 --- [    Test worker] o.hibernate.jpa.internal.util.LogHelper  : HHH000204: Processing PersistenceUnitInfo [
	name: default
	...]
2021-02-21 20:30:31.520  INFO 9808 --- [    Test worker] org.hibernate.Version                    : HHH000412: Hibernate Core {5.3.10.Final}
2021-02-21 20:30:31.523  INFO 9808 --- [    Test worker] org.hibernate.cfg.Environment            : HHH000206: hibernate.properties not found
2021-02-21 20:30:31.824  INFO 9808 --- [    Test worker] o.hibernate.annotations.common.Version   : HCANN000001: Hibernate Commons Annotations {5.0.4.Final}
2021-02-21 20:30:32.094  INFO 9808 --- [    Test worker] org.hibernate.dialect.Dialect            : HHH000400: Using dialect: org.hibernate.dialect.MySQL5InnoDBDialect
Hibernate: drop table if exists posts
Hibernate: drop table if exists user
Hibernate: create table posts (id bigint not null auto_increment, create_date datetime, modified_date datetime, author varchar(255), content TEXT not null, title varchar(500) not null, primary key (id)) engine=InnoDB
Hibernate: create table user (id bigint not null auto_increment, create_date datetime, modified_date datetime, email varchar(255) not null, name varchar(255) not null, picture varchar(255), role varchar(255) not null, primary key (id)) engine=InnoDB
2021-02-21 20:30:33.212  INFO 9808 --- [    Test worker] o.h.t.schema.internal.SchemaCreatorImpl  : HHH000476: Executing import script 'org.hibernate.tool.schema.internal.exec.ScriptSourceInputNonExistentImpl@249f9e4f'
2021-02-21 20:30:33.217  INFO 9808 --- [    Test worker] j.LocalContainerEntityManagerFactoryBean : Initialized JPA EntityManagerFactory for persistence unit 'default'
2021-02-21 20:30:34.346  INFO 9808 --- [    Test worker] o.h.h.i.QueryTranslatorFactoryInitiator  : HHH000397: Using ASTQueryTranslatorFactory
2021-02-21 20:30:35.006  INFO 9808 --- [    Test worker] o.s.s.web.DefaultSecurityFilterChain     : Creating filter chain: any request, [org.springframework.security.web.context.request.async.WebAsyncManagerIntegrationFilter@8f89556, org.springframework.security.web.context.SecurityContextPersistenceFilter@1d65620f, org.springframework.security.web.header.HeaderWriterFilter@6c8863f, org.springframework.security.web.authentication.logout.LogoutFilter@cff0bdc, org.springframework.security.oauth2.client.web.OAuth2AuthorizationRequestRedirectFilter@38f60b10, org.springframework.security.oauth2.client.web.OAuth2LoginAuthenticationFilter@43d78d2b, org.springframework.security.web.authentication.ui.DefaultLoginPageGeneratingFilter@19881c5f, org.springframework.security.web.authentication.ui.DefaultLogoutPageGeneratingFilter@176552c6, org.springframework.security.web.savedrequest.RequestCacheAwareFilter@1b7c6064, org.springframework.security.web.servletapi.SecurityContextHolderAwareRequestFilter@7f2d3cab, org.springframework.security.web.authentication.AnonymousAuthenticationFilter@10011bbf, org.springframework.security.web.session.SessionManagementFilter@2e83d3e3, org.springframework.security.web.access.ExceptionTranslationFilter@340c07d1, org.springframework.security.web.access.intercept.FilterSecurityInterceptor@134cb8ee]
2021-02-21 20:30:35.541  INFO 9808 --- [    Test worker] o.s.s.concurrent.ThreadPoolTaskExecutor  : Initializing ExecutorService 'applicationTaskExecutor'
2021-02-21 20:30:35.624  WARN 9808 --- [    Test worker] aWebConfiguration$JpaWebMvcConfiguration : spring.jpa.open-in-view is enabled by default. Therefore, database queries may be performed during view rendering. Explicitly configure spring.jpa.open-in-view to disable this warning
2021-02-21 20:30:35.697  INFO 9808 --- [    Test worker] o.s.b.a.w.s.WelcomePageHandlerMapping    : Adding welcome page template: index
2021-02-21 20:30:36.307  INFO 9808 --- [    Test worker] s.a.ScheduledAnnotationBeanPostProcessor : No TaskScheduler/ScheduledExecutorService bean found for scheduled processing
2021-02-21 20:30:36.345  INFO 9808 --- [    Test worker] o.s.b.w.embedded.tomcat.TomcatWebServer  : Tomcat started on port(s): 57990 (http) with context path ''
2021-02-21 20:30:36.347  INFO 9808 --- [    Test worker] c.kiwon.project.web.IndexControllerTest  : Started IndexControllerTest in 8.763 seconds (JVM running for 10.668)
2021-02-21 20:30:36.556  INFO 9808 --- [o-auto-1-exec-1] o.a.c.c.C.[Tomcat].[localhost].[/]       : Initializing Spring DispatcherServlet 'dispatcherServlet'
2021-02-21 20:30:36.557  INFO 9808 --- [o-auto-1-exec-1] o.s.web.servlet.DispatcherServlet        : Initializing Servlet 'dispatcherServlet'
2021-02-21 20:30:36.583  INFO 9808 --- [o-auto-1-exec-1] o.s.web.servlet.DispatcherServlet        : Completed initialization in 26 ms
Hibernate: select posts0_.id as id1_0_, posts0_.create_date as create_d2_0_, posts0_.modified_date as modified3_0_, posts0_.author as author4_0_, posts0_.content as content5_0_, posts0_.title as title6_0_ from posts posts0_ order by posts0_.id DESC
]]></system-out>
  <system-err><![CDATA[]]></system-err>
</testsuite>
