<?xml version="1.0" encoding="UTF-8"?>
<testsuite name="com.kiwon.project.web.PostApiControllerTest" tests="2" skipped="0" failures="0" errors="0" timestamp="2021-02-21T11:39:00" hostname="DESKTOP-3GJOEAF" time="0.131">
  <properties/>
  <testcase name="Posts_등록된다" classname="com.kiwon.project.web.PostApiControllerTest" time="0.096"/>
  <testcase name="Posts_수정된다" classname="com.kiwon.project.web.PostApiControllerTest" time="0.035"/>
  <system-out><![CDATA[2021-02-21 20:39:00.172  INFO 17600 --- [    Test worker] .b.t.c.SpringBootTestContextBootstrapper : Neither @ContextConfiguration nor @ContextHierarchy found for test class [com.kiwon.project.web.PostApiControllerTest], using SpringBootContextLoader
2021-02-21 20:39:00.174  INFO 17600 --- [    Test worker] o.s.t.c.support.AbstractContextLoader    : Could not detect default resource locations for test class [com.kiwon.project.web.PostApiControllerTest]: no resource found for suffixes {-context.xml, Context.groovy}.
2021-02-21 20:39:00.175  INFO 17600 --- [    Test worker] t.c.s.AnnotationConfigContextLoaderUtils : Could not detect default configuration classes for test class [com.kiwon.project.web.PostApiControllerTest]: PostApiControllerTest does not declare any static, non-private, non-final, nested classes annotated with @Configuration.
2021-02-21 20:39:00.178  INFO 17600 --- [    Test worker] .b.t.c.SpringBootTestContextBootstrapper : Found @SpringBootConfiguration com.kiwon.project.Application for test class com.kiwon.project.web.PostApiControllerTest
2021-02-21 20:39:00.180  INFO 17600 --- [    Test worker] .b.t.c.SpringBootTestContextBootstrapper : Loaded default TestExecutionListener class names from location [META-INF/spring.factories]: [org.springframework.security.test.context.support.WithSecurityContextTestExecutionListener, org.springframework.security.test.context.support.ReactorContextTestExecutionListener, org.springframework.boot.test.autoconfigure.restdocs.RestDocsTestExecutionListener, org.springframework.boot.test.autoconfigure.web.client.MockRestServiceServerResetTestExecutionListener, org.springframework.boot.test.autoconfigure.web.servlet.MockMvcPrintOnlyOnFailureTestExecutionListener, org.springframework.boot.test.autoconfigure.web.servlet.WebDriverTestExecutionListener, org.springframework.boot.test.mock.mockito.MockitoTestExecutionListener, org.springframework.boot.test.mock.mockito.ResetMocksTestExecutionListener, org.springframework.test.context.web.ServletTestExecutionListener, org.springframework.test.context.support.DirtiesContextBeforeModesTestExecutionListener, org.springframework.test.context.support.DependencyInjectionTestExecutionListener, org.springframework.test.context.support.DirtiesContextTestExecutionListener, org.springframework.test.context.transaction.TransactionalTestExecutionListener, org.springframework.test.context.jdbc.SqlScriptsTestExecutionListener]
2021-02-21 20:39:00.182  INFO 17600 --- [    Test worker] .b.t.c.SpringBootTestContextBootstrapper : Using TestExecutionListeners: [org.springframework.test.context.web.ServletTestExecutionListener@3bd7f890, org.springframework.test.context.support.DirtiesContextBeforeModesTestExecutionListener@2aed11b8, org.springframework.boot.test.mock.mockito.MockitoTestExecutionListener@6f0d25b, org.springframework.boot.test.autoconfigure.SpringBootDependencyInjectionTestExecutionListener@17b31cd7, org.springframework.test.context.support.DirtiesContextTestExecutionListener@132465c9, org.springframework.test.context.transaction.TransactionalTestExecutionListener@5186d6c4, org.springframework.test.context.jdbc.SqlScriptsTestExecutionListener@5164a4a5, org.springframework.security.test.context.support.WithSecurityContextTestExecutionListener@5e3e5ffa, org.springframework.security.test.context.support.ReactorContextTestExecutionListener@6e0473d9, org.springframework.boot.test.autoconfigure.restdocs.RestDocsTestExecutionListener@9d3b82b, org.springframework.boot.test.autoconfigure.web.client.MockRestServiceServerResetTestExecutionListener@7de66438, org.springframework.boot.test.autoconfigure.web.servlet.MockMvcPrintOnlyOnFailureTestExecutionListener@518b35f1, org.springframework.boot.test.autoconfigure.web.servlet.WebDriverTestExecutionListener@1c5c1ea2, org.springframework.boot.test.mock.mockito.ResetMocksTestExecutionListener@85aefe2]
2021-02-21 20:39:00.196  INFO 17600 --- [    Test worker] o.a.c.c.C.[Tomcat].[localhost].[/]       : Initializing Spring TestDispatcherServlet ''
2021-02-21 20:39:00.196  INFO 17600 --- [    Test worker] o.s.t.web.servlet.TestDispatcherServlet  : Initializing Servlet ''
2021-02-21 20:39:00.198  INFO 17600 --- [    Test worker] o.s.t.web.servlet.TestDispatcherServlet  : Completed initialization in 2 ms
Hibernate: insert into posts (create_date, modified_date, author, content, title) values (?, ?, ?, ?, ?)
Hibernate: select posts0_.id as id1_0_, posts0_.create_date as create_d2_0_, posts0_.modified_date as modified3_0_, posts0_.author as author4_0_, posts0_.content as content5_0_, posts0_.title as title6_0_ from posts posts0_
Hibernate: select posts0_.id as id1_0_, posts0_.create_date as create_d2_0_, posts0_.modified_date as modified3_0_, posts0_.author as author4_0_, posts0_.content as content5_0_, posts0_.title as title6_0_ from posts posts0_
Hibernate: delete from posts where id=?
2021-02-21 20:39:00.286  INFO 17600 --- [    Test worker] o.a.c.c.C.[Tomcat].[localhost].[/]       : Initializing Spring TestDispatcherServlet ''
2021-02-21 20:39:00.287  INFO 17600 --- [    Test worker] o.s.t.web.servlet.TestDispatcherServlet  : Initializing Servlet ''
2021-02-21 20:39:00.289  INFO 17600 --- [    Test worker] o.s.t.web.servlet.TestDispatcherServlet  : Completed initialization in 2 ms
Hibernate: insert into posts (create_date, modified_date, author, content, title) values (?, ?, ?, ?, ?)
Hibernate: select posts0_.id as id1_0_0_, posts0_.create_date as create_d2_0_0_, posts0_.modified_date as modified3_0_0_, posts0_.author as author4_0_0_, posts0_.content as content5_0_0_, posts0_.title as title6_0_0_ from posts posts0_ where posts0_.id=?
Hibernate: update posts set create_date=?, modified_date=?, author=?, content=?, title=? where id=?
Hibernate: select posts0_.id as id1_0_, posts0_.create_date as create_d2_0_, posts0_.modified_date as modified3_0_, posts0_.author as author4_0_, posts0_.content as content5_0_, posts0_.title as title6_0_ from posts posts0_
Hibernate: select posts0_.id as id1_0_, posts0_.create_date as create_d2_0_, posts0_.modified_date as modified3_0_, posts0_.author as author4_0_, posts0_.content as content5_0_, posts0_.title as title6_0_ from posts posts0_
Hibernate: delete from posts where id=?
]]></system-out>
  <system-err><![CDATA[]]></system-err>
</testsuite>
