<?xml version="1.0" encoding="UTF-8"?>
<testsuite name="com.kiwon.project.web.IndexControllerTest" tests="1" skipped="0" failures="0" errors="0" timestamp="2021-02-21T11:38:59" hostname="DESKTOP-3GJOEAF" time="0.252">
  <properties/>
  <testcase name="메인페이지_로딩" classname="com.kiwon.project.web.IndexControllerTest" time="0.252"/>
  <system-out><![CDATA[2021-02-21 20:38:57.012  INFO 17600 --- [    Test worker] .b.t.c.SpringBootTestContextBootstrapper : Neither @ContextConfiguration nor @ContextHierarchy found for test class [com.kiwon.project.web.IndexControllerTest], using SpringBootContextLoader
2021-02-21 20:38:57.013  INFO 17600 --- [    Test worker] o.s.t.c.support.AbstractContextLoader    : Could not detect default resource locations for test class [com.kiwon.project.web.IndexControllerTest]: no resource found for suffixes {-context.xml, Context.groovy}.
2021-02-21 20:38:57.014  INFO 17600 --- [    Test worker] t.c.s.AnnotationConfigContextLoaderUtils : Could not detect default configuration classes for test class [com.kiwon.project.web.IndexControllerTest]: IndexControllerTest does not declare any static, non-private, non-final, nested classes annotated with @Configuration.
2021-02-21 20:38:57.016  INFO 17600 --- [    Test worker] .b.t.c.SpringBootTestContextBootstrapper : Found @SpringBootConfiguration com.kiwon.project.Application for test class com.kiwon.project.web.IndexControllerTest
2021-02-21 20:38:57.018  INFO 17600 --- [    Test worker] .b.t.c.SpringBootTestContextBootstrapper : Loaded default TestExecutionListener class names from location [META-INF/spring.factories]: [org.springframework.security.test.context.support.WithSecurityContextTestExecutionListener, org.springframework.security.test.context.support.ReactorContextTestExecutionListener, org.springframework.boot.test.autoconfigure.restdocs.RestDocsTestExecutionListener, org.springframework.boot.test.autoconfigure.web.client.MockRestServiceServerResetTestExecutionListener, org.springframework.boot.test.autoconfigure.web.servlet.MockMvcPrintOnlyOnFailureTestExecutionListener, org.springframework.boot.test.autoconfigure.web.servlet.WebDriverTestExecutionListener, org.springframework.boot.test.mock.mockito.MockitoTestExecutionListener, org.springframework.boot.test.mock.mockito.ResetMocksTestExecutionListener, org.springframework.test.context.web.ServletTestExecutionListener, org.springframework.test.context.support.DirtiesContextBeforeModesTestExecutionListener, org.springframework.test.context.support.DependencyInjectionTestExecutionListener, org.springframework.test.context.support.DirtiesContextTestExecutionListener, org.springframework.test.context.transaction.TransactionalTestExecutionListener, org.springframework.test.context.jdbc.SqlScriptsTestExecutionListener]
2021-02-21 20:38:57.020  INFO 17600 --- [    Test worker] .b.t.c.SpringBootTestContextBootstrapper : Using TestExecutionListeners: [org.springframework.test.context.web.ServletTestExecutionListener@7714587c, org.springframework.test.context.support.DirtiesContextBeforeModesTestExecutionListener@64b92eea, org.springframework.boot.test.mock.mockito.MockitoTestExecutionListener@56d306cd, org.springframework.boot.test.autoconfigure.SpringBootDependencyInjectionTestExecutionListener@554a05b, org.springframework.test.context.support.DirtiesContextTestExecutionListener@50d6df35, org.springframework.test.context.transaction.TransactionalTestExecutionListener@7d3575bb, org.springframework.test.context.jdbc.SqlScriptsTestExecutionListener@339ee1be, org.springframework.security.test.context.support.WithSecurityContextTestExecutionListener@13e8d9ee, org.springframework.security.test.context.support.ReactorContextTestExecutionListener@75a193d1, org.springframework.boot.test.autoconfigure.restdocs.RestDocsTestExecutionListener@236fb873, org.springframework.boot.test.autoconfigure.web.client.MockRestServiceServerResetTestExecutionListener@67b82eb1, org.springframework.boot.test.autoconfigure.web.servlet.MockMvcPrintOnlyOnFailureTestExecutionListener@324abc01, org.springframework.boot.test.autoconfigure.web.servlet.WebDriverTestExecutionListener@4b8c9e82, org.springframework.boot.test.mock.mockito.ResetMocksTestExecutionListener@15fe0ba0]

  .   ____          _            __ _ _
 /\\ / ___'_ __ _ _(_)_ __  __ _ \ \ \ \
( ( )\___ | '_ | '_| | '_ \/ _` | \ \ \ \
 \\/  ___)| |_)| | | | | || (_| |  ) ) ) )
  '  |____| .__|_| |_|_| |_\__, | / / / /
 =========|_|==============|___/=/_/_/_/
 :: Spring Boot ::        (v2.1.7.RELEASE)

2021-02-21 20:38:57.076  INFO 17600 --- [    Test worker] c.kiwon.project.web.IndexControllerTest  : Starting IndexControllerTest on DESKTOP-3GJOEAF with PID 17600 (started by kkiwo in C:\DEV2)
2021-02-21 20:38:57.076  INFO 17600 --- [    Test worker] c.kiwon.project.web.IndexControllerTest  : No active profile set, falling back to default profiles: default
2021-02-21 20:38:57.375  INFO 17600 --- [    Test worker] .s.d.r.c.RepositoryConfigurationDelegate : Bootstrapping Spring Data repositories in DEFAULT mode.
2021-02-21 20:38:57.420  INFO 17600 --- [    Test worker] .s.d.r.c.RepositoryConfigurationDelegate : Finished Spring Data repository scanning in 44ms. Found 2 repository interfaces.
2021-02-21 20:38:57.548  INFO 17600 --- [    Test worker] trationDelegate$BeanPostProcessorChecker : Bean 'org.springframework.transaction.annotation.ProxyTransactionManagementConfiguration' of type [org.springframework.transaction.annotation.ProxyTransactionManagementConfiguration$$EnhancerBySpringCGLIB$$b0030336] is not eligible for getting processed by all BeanPostProcessors (for example: not eligible for auto-proxying)
2021-02-21 20:38:57.856  INFO 17600 --- [    Test worker] o.s.b.w.embedded.tomcat.TomcatWebServer  : Tomcat initialized with port(s): 0 (http)
2021-02-21 20:38:57.895  INFO 17600 --- [    Test worker] o.apache.catalina.core.StandardService   : Starting service [Tomcat]
2021-02-21 20:38:57.895  INFO 17600 --- [    Test worker] org.apache.catalina.core.StandardEngine  : Starting Servlet engine: [Apache Tomcat/9.0.22]
2021-02-21 20:38:58.122  INFO 17600 --- [    Test worker] o.a.c.c.C.[Tomcat].[localhost].[/]       : Initializing Spring embedded WebApplicationContext
2021-02-21 20:38:58.122  INFO 17600 --- [    Test worker] o.s.web.context.ContextLoader            : Root WebApplicationContext: initialization completed in 1043 ms
2021-02-21 20:38:58.348  INFO 17600 --- [    Test worker] com.zaxxer.hikari.HikariDataSource       : HikariPool-2 - Starting...
2021-02-21 20:38:58.349  INFO 17600 --- [    Test worker] com.zaxxer.hikari.HikariDataSource       : HikariPool-2 - Start completed.
2021-02-21 20:38:58.403  INFO 17600 --- [    Test worker] o.hibernate.jpa.internal.util.LogHelper  : HHH000204: Processing PersistenceUnitInfo [
	name: default
	...]
2021-02-21 20:38:58.422  INFO 17600 --- [    Test worker] org.hibernate.dialect.Dialect            : HHH000400: Using dialect: org.hibernate.dialect.MySQL5InnoDBDialect
Hibernate: drop table if exists posts
Hibernate: drop table if exists user
Hibernate: create table posts (id bigint not null auto_increment, create_date datetime, modified_date datetime, author varchar(255), content TEXT not null, title varchar(500) not null, primary key (id)) engine=InnoDB
Hibernate: create table user (id bigint not null auto_increment, create_date datetime, modified_date datetime, email varchar(255) not null, name varchar(255) not null, picture varchar(255), role varchar(255) not null, primary key (id)) engine=InnoDB
2021-02-21 20:38:58.502  INFO 17600 --- [    Test worker] o.h.t.schema.internal.SchemaCreatorImpl  : HHH000476: Executing import script 'org.hibernate.tool.schema.internal.exec.ScriptSourceInputNonExistentImpl@47f7d398'
2021-02-21 20:38:58.502  INFO 17600 --- [    Test worker] j.LocalContainerEntityManagerFactoryBean : Initialized JPA EntityManagerFactory for persistence unit 'default'
2021-02-21 20:38:58.928  INFO 17600 --- [    Test worker] o.h.h.i.QueryTranslatorFactoryInitiator  : HHH000397: Using ASTQueryTranslatorFactory
2021-02-21 20:38:59.126  INFO 17600 --- [    Test worker] o.s.s.web.DefaultSecurityFilterChain     : Creating filter chain: any request, [org.springframework.security.web.context.request.async.WebAsyncManagerIntegrationFilter@68d469ab, org.springframework.security.web.context.SecurityContextPersistenceFilter@11631e56, org.springframework.security.web.header.HeaderWriterFilter@40e8ce85, org.springframework.security.web.authentication.logout.LogoutFilter@2c8b64e2, org.springframework.security.oauth2.client.web.OAuth2AuthorizationRequestRedirectFilter@10ee75a3, org.springframework.security.oauth2.client.web.OAuth2LoginAuthenticationFilter@11050a2f, org.springframework.security.web.authentication.ui.DefaultLoginPageGeneratingFilter@25135fb8, org.springframework.security.web.authentication.ui.DefaultLogoutPageGeneratingFilter@7d81d73a, org.springframework.security.web.savedrequest.RequestCacheAwareFilter@4c9ba8b7, org.springframework.security.web.servletapi.SecurityContextHolderAwareRequestFilter@4a81cb47, org.springframework.security.web.authentication.AnonymousAuthenticationFilter@1ea1f644, org.springframework.security.web.session.SessionManagementFilter@373b18cf, org.springframework.security.web.access.ExceptionTranslationFilter@26af715c, org.springframework.security.web.access.intercept.FilterSecurityInterceptor@6cdf23e8]
2021-02-21 20:38:59.398  INFO 17600 --- [    Test worker] o.s.s.concurrent.ThreadPoolTaskExecutor  : Initializing ExecutorService 'applicationTaskExecutor'
2021-02-21 20:38:59.418  WARN 17600 --- [    Test worker] aWebConfiguration$JpaWebMvcConfiguration : spring.jpa.open-in-view is enabled by default. Therefore, database queries may be performed during view rendering. Explicitly configure spring.jpa.open-in-view to disable this warning
2021-02-21 20:38:59.455  INFO 17600 --- [    Test worker] o.s.b.a.w.s.WelcomePageHandlerMapping    : Adding welcome page template: index
2021-02-21 20:38:59.882  INFO 17600 --- [    Test worker] s.a.ScheduledAnnotationBeanPostProcessor : No TaskScheduler/ScheduledExecutorService bean found for scheduled processing
2021-02-21 20:38:59.907  INFO 17600 --- [    Test worker] o.s.b.w.embedded.tomcat.TomcatWebServer  : Tomcat started on port(s): 58183 (http) with context path ''
2021-02-21 20:38:59.908  INFO 17600 --- [    Test worker] c.kiwon.project.web.IndexControllerTest  : Started IndexControllerTest in 2.886 seconds (JVM running for 14.669)
2021-02-21 20:39:00.041  INFO 17600 --- [o-auto-1-exec-1] o.a.c.c.C.[Tomcat].[localhost].[/]       : Initializing Spring DispatcherServlet 'dispatcherServlet'
2021-02-21 20:39:00.042  INFO 17600 --- [o-auto-1-exec-1] o.s.web.servlet.DispatcherServlet        : Initializing Servlet 'dispatcherServlet'
2021-02-21 20:39:00.070  INFO 17600 --- [o-auto-1-exec-1] o.s.web.servlet.DispatcherServlet        : Completed initialization in 28 ms
Hibernate: select posts0_.id as id1_0_, posts0_.create_date as create_d2_0_, posts0_.modified_date as modified3_0_, posts0_.author as author4_0_, posts0_.content as content5_0_, posts0_.title as title6_0_ from posts posts0_ order by posts0_.id DESC
]]></system-out>
  <system-err><![CDATA[]]></system-err>
</testsuite>
