<?xml version="1.0" encoding="UTF-8"?>
<testsuite name="com.kiwon.project.web.HelloControllerTest" tests="2" skipped="0" failures="0" errors="0" timestamp="2021-02-21T11:30:40" hostname="DESKTOP-3GJOEAF" time="0.231">
  <properties/>
  <testcase name="hello가_리턴된다" classname="com.kiwon.project.web.HelloControllerTest" time="0.067"/>
  <testcase name="helloDto가_리턴된다" classname="com.kiwon.project.web.HelloControllerTest" time="0.162"/>
  <system-out><![CDATA[2021-02-21 20:30:39.361  INFO 9808 --- [    Test worker] .b.t.a.w.s.WebMvcTestContextBootstrapper : Neither @ContextConfiguration nor @ContextHierarchy found for test class [com.kiwon.project.web.HelloControllerTest], using SpringBootContextLoader
2021-02-21 20:30:39.362  INFO 9808 --- [    Test worker] o.s.t.c.support.AbstractContextLoader    : Could not detect default resource locations for test class [com.kiwon.project.web.HelloControllerTest]: no resource found for suffixes {-context.xml, Context.groovy}.
2021-02-21 20:30:39.363  INFO 9808 --- [    Test worker] t.c.s.AnnotationConfigContextLoaderUtils : Could not detect default configuration classes for test class [com.kiwon.project.web.HelloControllerTest]: HelloControllerTest does not declare any static, non-private, non-final, nested classes annotated with @Configuration.
2021-02-21 20:30:39.382  INFO 9808 --- [    Test worker] .b.t.c.SpringBootTestContextBootstrapper : Found @SpringBootConfiguration com.kiwon.project.Application for test class com.kiwon.project.web.HelloControllerTest
2021-02-21 20:30:39.382  INFO 9808 --- [    Test worker] .b.t.a.w.s.WebMvcTestContextBootstrapper : Loaded default TestExecutionListener class names from location [META-INF/spring.factories]: [org.springframework.security.test.context.support.WithSecurityContextTestExecutionListener, org.springframework.security.test.context.support.ReactorContextTestExecutionListener, org.springframework.boot.test.autoconfigure.restdocs.RestDocsTestExecutionListener, org.springframework.boot.test.autoconfigure.web.client.MockRestServiceServerResetTestExecutionListener, org.springframework.boot.test.autoconfigure.web.servlet.MockMvcPrintOnlyOnFailureTestExecutionListener, org.springframework.boot.test.autoconfigure.web.servlet.WebDriverTestExecutionListener, org.springframework.boot.test.mock.mockito.MockitoTestExecutionListener, org.springframework.boot.test.mock.mockito.ResetMocksTestExecutionListener, org.springframework.test.context.web.ServletTestExecutionListener, org.springframework.test.context.support.DirtiesContextBeforeModesTestExecutionListener, org.springframework.test.context.support.DependencyInjectionTestExecutionListener, org.springframework.test.context.support.DirtiesContextTestExecutionListener, org.springframework.test.context.transaction.TransactionalTestExecutionListener, org.springframework.test.context.jdbc.SqlScriptsTestExecutionListener]
2021-02-21 20:30:39.383  INFO 9808 --- [    Test worker] .b.t.a.w.s.WebMvcTestContextBootstrapper : Using TestExecutionListeners: [org.springframework.test.context.web.ServletTestExecutionListener@10002598, org.springframework.test.context.support.DirtiesContextBeforeModesTestExecutionListener@f80316b, org.springframework.boot.test.mock.mockito.MockitoTestExecutionListener@3da6a8c5, org.springframework.boot.test.autoconfigure.SpringBootDependencyInjectionTestExecutionListener@65fc1013, org.springframework.test.context.support.DirtiesContextTestExecutionListener@7441d5d1, org.springframework.test.context.transaction.TransactionalTestExecutionListener@7ac4a95b, org.springframework.test.context.jdbc.SqlScriptsTestExecutionListener@722cc646, org.springframework.security.test.context.support.WithSecurityContextTestExecutionListener@77d53c98, org.springframework.security.test.context.support.ReactorContextTestExecutionListener@dc090ee, org.springframework.boot.test.autoconfigure.restdocs.RestDocsTestExecutionListener@52116e7c, org.springframework.boot.test.autoconfigure.web.client.MockRestServiceServerResetTestExecutionListener@461b8c8e, org.springframework.boot.test.autoconfigure.web.servlet.MockMvcPrintOnlyOnFailureTestExecutionListener@18744929, org.springframework.boot.test.autoconfigure.web.servlet.WebDriverTestExecutionListener@113aed29, org.springframework.boot.test.mock.mockito.ResetMocksTestExecutionListener@488103fc]

  .   ____          _            __ _ _
 /\\ / ___'_ __ _ _(_)_ __  __ _ \ \ \ \
( ( )\___ | '_ | '_| | '_ \/ _` | \ \ \ \
 \\/  ___)| |_)| | | | | || (_| |  ) ) ) )
  '  |____| .__|_| |_|_| |_\__, | / / / /
 =========|_|==============|___/=/_/_/_/
 :: Spring Boot ::        (v2.1.7.RELEASE)

2021-02-21 20:30:39.443  INFO 9808 --- [    Test worker] c.kiwon.project.web.HelloControllerTest  : Starting HelloControllerTest on DESKTOP-3GJOEAF with PID 9808 (started by kkiwo in C:\DEV2)
2021-02-21 20:30:39.444  INFO 9808 --- [    Test worker] c.kiwon.project.web.HelloControllerTest  : No active profile set, falling back to default profiles: default
2021-02-21 20:30:40.087  INFO 9808 --- [    Test worker] o.s.s.concurrent.ThreadPoolTaskExecutor  : Initializing ExecutorService 'applicationTaskExecutor'
2021-02-21 20:30:40.149  INFO 9808 --- [    Test worker] o.s.b.a.w.s.WelcomePageHandlerMapping    : Adding welcome page template: index
2021-02-21 20:30:40.543  INFO 9808 --- [    Test worker] .s.s.UserDetailsServiceAutoConfiguration : 

Using generated security password: 07c3cfde-d6f6-45ea-8a14-8128a35c165d

2021-02-21 20:30:40.827  INFO 9808 --- [    Test worker] o.s.s.web.DefaultSecurityFilterChain     : Creating filter chain: any request, [org.springframework.security.web.context.request.async.WebAsyncManagerIntegrationFilter@9b3265d, org.springframework.security.web.context.SecurityContextPersistenceFilter@77f13ef4, org.springframework.security.web.header.HeaderWriterFilter@74ddbe54, org.springframework.security.web.csrf.CsrfFilter@4999790b, org.springframework.security.web.authentication.logout.LogoutFilter@79ffdcfc, org.springframework.security.web.authentication.UsernamePasswordAuthenticationFilter@3738005, org.springframework.security.web.authentication.ui.DefaultLoginPageGeneratingFilter@2fa5b830, org.springframework.security.web.authentication.ui.DefaultLogoutPageGeneratingFilter@28c6a76e, org.springframework.security.web.authentication.www.BasicAuthenticationFilter@2cde910a, org.springframework.security.web.savedrequest.RequestCacheAwareFilter@361a7b41, org.springframework.security.web.servletapi.SecurityContextHolderAwareRequestFilter@2f2c4cc8, org.springframework.security.web.authentication.AnonymousAuthenticationFilter@70c835bd, org.springframework.security.web.session.SessionManagementFilter@768ed0e5, org.springframework.security.web.access.ExceptionTranslationFilter@5c23a13a, org.springframework.security.web.access.intercept.FilterSecurityInterceptor@3423269d]
2021-02-21 20:30:40.870  INFO 9808 --- [    Test worker] o.s.b.t.m.w.SpringBootMockServletContext : Initializing Spring TestDispatcherServlet ''
2021-02-21 20:30:40.870  INFO 9808 --- [    Test worker] o.s.t.web.servlet.TestDispatcherServlet  : Initializing Servlet ''
2021-02-21 20:30:40.888  INFO 9808 --- [    Test worker] o.s.t.web.servlet.TestDispatcherServlet  : Completed initialization in 18 ms
2021-02-21 20:30:40.943  INFO 9808 --- [    Test worker] c.kiwon.project.web.HelloControllerTest  : Started HelloControllerTest in 1.558 seconds (JVM running for 15.264)
]]></system-out>
  <system-err><![CDATA[]]></system-err>
</testsuite>
