<?xml version="1.0" encoding="UTF-8"?>
<testsuite name="com.kiwon.project.web.domain.posts.PostsRepositoryTests" tests="2" skipped="0" failures="0" errors="0" timestamp="2021-02-21T11:30:39" hostname="DESKTOP-3GJOEAF" time="0.174">
  <properties/>
  <testcase name="게시글저장_불러오기" classname="com.kiwon.project.web.domain.posts.PostsRepositoryTests" time="0.162"/>
  <testcase name="BaseTimeEntity_등록" classname="com.kiwon.project.web.domain.posts.PostsRepositoryTests" time="0.011"/>
  <system-out><![CDATA[2021-02-21 20:30:36.851  INFO 9808 --- [    Test worker] .b.t.c.SpringBootTestContextBootstrapper : Neither @ContextConfiguration nor @ContextHierarchy found for test class [com.kiwon.project.web.domain.posts.PostsRepositoryTests], using SpringBootContextLoader
2021-02-21 20:30:36.853  INFO 9808 --- [    Test worker] o.s.t.c.support.AbstractContextLoader    : Could not detect default resource locations for test class [com.kiwon.project.web.domain.posts.PostsRepositoryTests]: no resource found for suffixes {-context.xml, Context.groovy}.
2021-02-21 20:30:36.853  INFO 9808 --- [    Test worker] t.c.s.AnnotationConfigContextLoaderUtils : Could not detect default configuration classes for test class [com.kiwon.project.web.domain.posts.PostsRepositoryTests]: PostsRepositoryTests does not declare any static, non-private, non-final, nested classes annotated with @Configuration.
2021-02-21 20:30:36.869  INFO 9808 --- [    Test worker] .b.t.c.SpringBootTestContextBootstrapper : Found @SpringBootConfiguration com.kiwon.project.Application for test class com.kiwon.project.web.domain.posts.PostsRepositoryTests
2021-02-21 20:30:36.871  INFO 9808 --- [    Test worker] .b.t.c.SpringBootTestContextBootstrapper : Loaded default TestExecutionListener class names from location [META-INF/spring.factories]: [org.springframework.security.test.context.support.WithSecurityContextTestExecutionListener, org.springframework.security.test.context.support.ReactorContextTestExecutionListener, org.springframework.boot.test.autoconfigure.restdocs.RestDocsTestExecutionListener, org.springframework.boot.test.autoconfigure.web.client.MockRestServiceServerResetTestExecutionListener, org.springframework.boot.test.autoconfigure.web.servlet.MockMvcPrintOnlyOnFailureTestExecutionListener, org.springframework.boot.test.autoconfigure.web.servlet.WebDriverTestExecutionListener, org.springframework.boot.test.mock.mockito.MockitoTestExecutionListener, org.springframework.boot.test.mock.mockito.ResetMocksTestExecutionListener, org.springframework.test.context.web.ServletTestExecutionListener, org.springframework.test.context.support.DirtiesContextBeforeModesTestExecutionListener, org.springframework.test.context.support.DependencyInjectionTestExecutionListener, org.springframework.test.context.support.DirtiesContextTestExecutionListener, org.springframework.test.context.transaction.TransactionalTestExecutionListener, org.springframework.test.context.jdbc.SqlScriptsTestExecutionListener]
2021-02-21 20:30:36.873  INFO 9808 --- [    Test worker] .b.t.c.SpringBootTestContextBootstrapper : Using TestExecutionListeners: [org.springframework.test.context.web.ServletTestExecutionListener@60ef2bd6, org.springframework.test.context.support.DirtiesContextBeforeModesTestExecutionListener@796a8b9b, org.springframework.boot.test.mock.mockito.MockitoTestExecutionListener@5a040710, org.springframework.boot.test.autoconfigure.SpringBootDependencyInjectionTestExecutionListener@7c92d6a3, org.springframework.test.context.support.DirtiesContextTestExecutionListener@653af37c, org.springframework.test.context.transaction.TransactionalTestExecutionListener@48219a13, org.springframework.test.context.jdbc.SqlScriptsTestExecutionListener@32672880, org.springframework.security.test.context.support.WithSecurityContextTestExecutionListener@58aac7a1, org.springframework.security.test.context.support.ReactorContextTestExecutionListener@6ab96edb, org.springframework.boot.test.autoconfigure.restdocs.RestDocsTestExecutionListener@2e0c909d, org.springframework.boot.test.autoconfigure.web.client.MockRestServiceServerResetTestExecutionListener@25249ef4, org.springframework.boot.test.autoconfigure.web.servlet.MockMvcPrintOnlyOnFailureTestExecutionListener@2b3dc23e, org.springframework.boot.test.autoconfigure.web.servlet.WebDriverTestExecutionListener@a53ae34, org.springframework.boot.test.mock.mockito.ResetMocksTestExecutionListener@40915f9b]

  .   ____          _            __ _ _
 /\\ / ___'_ __ _ _(_)_ __  __ _ \ \ \ \
( ( )\___ | '_ | '_| | '_ \/ _` | \ \ \ \
 \\/  ___)| |_)| | | | | || (_| |  ) ) ) )
  '  |____| .__|_| |_|_| |_\__, | / / / /
 =========|_|==============|___/=/_/_/_/
 :: Spring Boot ::        (v2.1.7.RELEASE)

2021-02-21 20:30:36.925  INFO 9808 --- [    Test worker] c.k.p.w.d.posts.PostsRepositoryTests     : Starting PostsRepositoryTests on DESKTOP-3GJOEAF with PID 9808 (started by kkiwo in C:\DEV2)
2021-02-21 20:30:36.925  INFO 9808 --- [    Test worker] c.k.p.w.d.posts.PostsRepositoryTests     : No active profile set, falling back to default profiles: default
2021-02-21 20:30:37.231  INFO 9808 --- [    Test worker] .s.d.r.c.RepositoryConfigurationDelegate : Bootstrapping Spring Data repositories in DEFAULT mode.
2021-02-21 20:30:37.279  INFO 9808 --- [    Test worker] .s.d.r.c.RepositoryConfigurationDelegate : Finished Spring Data repository scanning in 48ms. Found 2 repository interfaces.
2021-02-21 20:30:37.410  INFO 9808 --- [    Test worker] trationDelegate$BeanPostProcessorChecker : Bean 'org.springframework.transaction.annotation.ProxyTransactionManagementConfiguration' of type [org.springframework.transaction.annotation.ProxyTransactionManagementConfiguration$$EnhancerBySpringCGLIB$$96e8f71f] is not eligible for getting processed by all BeanPostProcessors (for example: not eligible for auto-proxying)
2021-02-21 20:30:37.520  INFO 9808 --- [    Test worker] com.zaxxer.hikari.HikariDataSource       : HikariPool-2 - Starting...
2021-02-21 20:30:37.521  INFO 9808 --- [    Test worker] com.zaxxer.hikari.HikariDataSource       : HikariPool-2 - Start completed.
2021-02-21 20:30:37.573  INFO 9808 --- [    Test worker] o.hibernate.jpa.internal.util.LogHelper  : HHH000204: Processing PersistenceUnitInfo [
	name: default
	...]
2021-02-21 20:30:37.589  INFO 9808 --- [    Test worker] org.hibernate.dialect.Dialect            : HHH000400: Using dialect: org.hibernate.dialect.MySQL5InnoDBDialect
Hibernate: drop table if exists posts
Hibernate: drop table if exists user
Hibernate: create table posts (id bigint not null auto_increment, create_date datetime, modified_date datetime, author varchar(255), content TEXT not null, title varchar(500) not null, primary key (id)) engine=InnoDB
Hibernate: create table user (id bigint not null auto_increment, create_date datetime, modified_date datetime, email varchar(255) not null, name varchar(255) not null, picture varchar(255), role varchar(255) not null, primary key (id)) engine=InnoDB
2021-02-21 20:30:37.653  INFO 9808 --- [    Test worker] o.h.t.schema.internal.SchemaCreatorImpl  : HHH000476: Executing import script 'org.hibernate.tool.schema.internal.exec.ScriptSourceInputNonExistentImpl@249f9e4f'
2021-02-21 20:30:37.654  INFO 9808 --- [    Test worker] j.LocalContainerEntityManagerFactoryBean : Initialized JPA EntityManagerFactory for persistence unit 'default'
2021-02-21 20:30:37.920  INFO 9808 --- [    Test worker] o.h.h.i.QueryTranslatorFactoryInitiator  : HHH000397: Using ASTQueryTranslatorFactory
2021-02-21 20:30:38.150  INFO 9808 --- [    Test worker] o.s.s.web.DefaultSecurityFilterChain     : Creating filter chain: any request, [org.springframework.security.web.context.request.async.WebAsyncManagerIntegrationFilter@589a7d15, org.springframework.security.web.context.SecurityContextPersistenceFilter@63f21a09, org.springframework.security.web.header.HeaderWriterFilter@5a89a806, org.springframework.security.web.authentication.logout.LogoutFilter@6c577fe8, org.springframework.security.oauth2.client.web.OAuth2AuthorizationRequestRedirectFilter@10c03df3, org.springframework.security.oauth2.client.web.OAuth2LoginAuthenticationFilter@3b00915c, org.springframework.security.web.authentication.ui.DefaultLoginPageGeneratingFilter@1f060c53, org.springframework.security.web.authentication.ui.DefaultLogoutPageGeneratingFilter@7a663e1e, org.springframework.security.web.savedrequest.RequestCacheAwareFilter@334fcf2a, org.springframework.security.web.servletapi.SecurityContextHolderAwareRequestFilter@249188dd, org.springframework.security.web.authentication.AnonymousAuthenticationFilter@6b58bb04, org.springframework.security.web.session.SessionManagementFilter@76c9bca0, org.springframework.security.web.access.ExceptionTranslationFilter@278eec79, org.springframework.security.web.access.intercept.FilterSecurityInterceptor@75eae68e]
2021-02-21 20:30:38.544  INFO 9808 --- [    Test worker] o.s.s.concurrent.ThreadPoolTaskExecutor  : Initializing ExecutorService 'applicationTaskExecutor'
2021-02-21 20:30:38.562  WARN 9808 --- [    Test worker] aWebConfiguration$JpaWebMvcConfiguration : spring.jpa.open-in-view is enabled by default. Therefore, database queries may be performed during view rendering. Explicitly configure spring.jpa.open-in-view to disable this warning
2021-02-21 20:30:38.597  INFO 9808 --- [    Test worker] o.s.b.a.w.s.WelcomePageHandlerMapping    : Adding welcome page template: index
2021-02-21 20:30:39.144  INFO 9808 --- [    Test worker] s.a.ScheduledAnnotationBeanPostProcessor : No TaskScheduler/ScheduledExecutorService bean found for scheduled processing
2021-02-21 20:30:39.146  INFO 9808 --- [    Test worker] c.k.p.w.d.posts.PostsRepositoryTests     : Started PostsRepositoryTests in 2.263 seconds (JVM running for 13.468)
Hibernate: insert into posts (create_date, modified_date, author, content, title) values (?, ?, ?, ?, ?)
Hibernate: select posts0_.id as id1_0_, posts0_.create_date as create_d2_0_, posts0_.modified_date as modified3_0_, posts0_.author as author4_0_, posts0_.content as content5_0_, posts0_.title as title6_0_ from posts posts0_
Hibernate: select posts0_.id as id1_0_, posts0_.create_date as create_d2_0_, posts0_.modified_date as modified3_0_, posts0_.author as author4_0_, posts0_.content as content5_0_, posts0_.title as title6_0_ from posts posts0_
Hibernate: delete from posts where id=?
Hibernate: insert into posts (create_date, modified_date, author, content, title) values (?, ?, ?, ?, ?)
Hibernate: select posts0_.id as id1_0_, posts0_.create_date as create_d2_0_, posts0_.modified_date as modified3_0_, posts0_.author as author4_0_, posts0_.content as content5_0_, posts0_.title as title6_0_ from posts posts0_
>>>>>>>>>>>>>>>>>>>>>>>> createDate=2021-02-21T20:30:39.329, modifiedDate=2021-02-21T20:30:39.329
Hibernate: select posts0_.id as id1_0_, posts0_.create_date as create_d2_0_, posts0_.modified_date as modified3_0_, posts0_.author as author4_0_, posts0_.content as content5_0_, posts0_.title as title6_0_ from posts posts0_
Hibernate: delete from posts where id=?
]]></system-out>
  <system-err><![CDATA[]]></system-err>
</testsuite>
